#
# There is insufficient memory for the Java Runtime Environment to continue.
# Native memory allocation (malloc) failed to allocate 1628816 bytes for Chunk::new
# Possible reasons:
#   The system is out of physical RAM or swap space
#   In 32 bit mode, the process size limit was hit
# Possible solutions:
#   Reduce memory load on the system
#   Increase physical memory or swap space
#   Check if swap backing store is full
#   Use 64 bit Java on a 64 bit OS
#   Decrease Java heap size (-Xmx/-Xms)
#   Decrease number of Java threads
#   Decrease Java thread stack sizes (-Xss)
#   Set larger code cache with -XX:ReservedCodeCacheSize=
# This output file may be truncated or incomplete.
#
#  Out of Memory Error (allocation.cpp:390), pid=4040, tid=21600
#
# JRE version: Java(TM) SE Runtime Environment (8.0_74-b02) (build 1.8.0_74-b02)
# Java VM: Java HotSpot(TM) 64-Bit Server VM (25.74-b02 mixed mode windows-amd64 compressed oops)
# Failed to write core dump. Minidumps are not enabled by default on client versions of Windows
#

---------------  T H R E A D  ---------------

Current thread (0x000000001510e000):  JavaThread "C2 CompilerThread1" daemon [_thread_in_native, id=21600, stack(0x0000000016b60000,0x0000000016c60000)]

Stack: [0x0000000016b60000,0x0000000016c60000]
[error occurred during error reporting (printing stack bounds), id 0xc0000005]

Native frames: (J=compiled Java code, j=interpreted, Vv=VM code, C=native code)


Current CompileTask:
C2:   3997 1687   !   4       com.android.dx.cf.cst.ConstantPoolParser::parse0 (731 bytes)


---------------  P R O C E S S  ---------------

Java Threads: ( => current thread )
  0x0000000016908000 JavaThread "pool-1-thread-4" [_thread_blocked, id=9544, stack(0x0000000017360000,0x0000000017460000)]
  0x00000000168fa800 JavaThread "pool-1-thread-3" [_thread_blocked, id=6616, stack(0x0000000017260000,0x0000000017360000)]
  0x00000000168f9800 JavaThread "pool-1-thread-2" [_thread_blocked, id=2096, stack(0x0000000017160000,0x0000000017260000)]
  0x00000000168f5800 JavaThread "pool-2-thread-1" [_thread_blocked, id=23144, stack(0x0000000017060000,0x0000000017160000)]
  0x00000000168f5000 JavaThread "pool-1-thread-1" [_thread_blocked, id=800, stack(0x0000000016f60000,0x0000000017060000)]
  0x00000000167dc800 JavaThread "Service Thread" daemon [_thread_blocked, id=35368, stack(0x0000000016d60000,0x0000000016e60000)]
  0x0000000016766800 JavaThread "C1 CompilerThread2" daemon [_thread_blocked, id=41232, stack(0x0000000016c60000,0x0000000016d60000)]
=>0x000000001510e000 JavaThread "C2 CompilerThread1" daemon [_thread_in_native, id=21600, stack(0x0000000016b60000,0x0000000016c60000)]
  0x000000001510b800 JavaThread "C2 CompilerThread0" daemon [_thread_in_native, id=47008, stack(0x0000000016660000,0x0000000016760000)]
  0x000000001510a000 JavaThread "Attach Listener" daemon [_thread_blocked, id=30828, stack(0x0000000016560000,0x0000000016660000)]
  0x00000000150bf000 JavaThread "Signal Dispatcher" daemon [_thread_blocked, id=14696, stack(0x0000000016460000,0x0000000016560000)]
  0x0000000015099000 JavaThread "Finalizer" daemon [_thread_blocked, id=14064, stack(0x0000000016300000,0x0000000016400000)]
  0x00000000029d1800 JavaThread "Reference Handler" daemon [_thread_blocked, id=36592, stack(0x0000000016200000,0x0000000016300000)]
  0x0000000000d1d800 JavaThread "main" [_thread_in_native, id=44028, stack(0x00000000027e0000,0x00000000028e0000)]

Other Threads:
  0x0000000015076800 VMThread [stack: 0x0000000016100000,0x0000000016200000] [id=15872]
  0x0000000016828000 WatcherThread [stack: 0x0000000016e60000,0x0000000016f60000] [id=24208]

VM state:not at safepoint (normal execution)

VM Mutex/Monitor currently owned by a thread: None

Heap:
 PSYoungGen      total 35328K, used 29483K [0x00000000eab00000, 0x00000000ed000000, 0x0000000100000000)
  eden space 32768K, 82% used [0x00000000eab00000,0x00000000ec54ce18,0x00000000ecb00000)
  from space 2560K, 99% used [0x00000000ecd80000,0x00000000ecffe018,0x00000000ed000000)
  to   space 2560K, 0% used [0x00000000ecb00000,0x00000000ecb00000,0x00000000ecd80000)
 ParOldGen       total 68096K, used 35397K [0x00000000c0000000, 0x00000000c4280000, 0x00000000eab00000)
  object space 68096K, 51% used [0x00000000c0000000,0x00000000c2291550,0x00000000c4280000)
 Metaspace       used 5996K, capacity 7088K, committed 7296K, reserved 1056768K
  class space    used 581K, capacity 616K, committed 640K, reserved 1048576K

Card table byte_map: [0x0000000011da0000,0x0000000011fb0000] byte_map_base: 0x00000000117a0000

Marking Bits: (ParMarkBitMap*) 0x000000006ee70600
 Begin Bits: [0x0000000012510000, 0x0000000013510000)
 End Bits:   [0x0000000013510000, 0x0000000014510000)

Polling page: 0x0000000000ca0000

CodeCache: size=245760Kb used=6964Kb max_used=6964Kb free=238795Kb
 bounds [0x00000000029e0000, 0x00000000030c0000, 0x00000000119e0000]
 total_blobs=1950 nmethods=1685 adapters=177
 compilation: enabled

Compilation events (10 events):
Event: 3.903 Thread 0x0000000016766800 1744       2       com.android.dx.rop.code.RegisterSpec::withLocalItem (41 bytes)
Event: 3.904 Thread 0x0000000016766800 nmethod 1744 0x00000000030a7250 code [0x00000000030a73c0, 0x00000000030a7618]
Event: 3.905 Thread 0x0000000016766800 1745 %     3       com.android.dx.ssa.back.IdenticalBlockCombiner::process @ 253 (323 bytes)
Event: 3.908 Thread 0x0000000016766800 nmethod 1745% 0x00000000030a7750 code [0x00000000030a7b00, 0x00000000030aa038]
Event: 3.908 Thread 0x0000000016766800 1746       3       com.android.dx.ssa.back.IdenticalBlockCombiner::process (323 bytes)
Event: 3.910 Thread 0x0000000016766800 nmethod 1746 0x00000000030ab310 code [0x00000000030ab6a0, 0x00000000030adb18]
Event: 3.918 Thread 0x0000000016766800 1747       2       com.android.dx.ssa.LiteralOpUpgrader$1::visitNonMoveInsn (203 bytes)
Event: 3.920 Thread 0x0000000016766800 nmethod 1747 0x00000000030aed50 code [0x00000000030af0a0, 0x00000000030aff08]
Event: 3.921 Thread 0x0000000016766800 1748 %     3       com.android.dx.ssa.PhiTypeResolver::run @ 10 (179 bytes)
Event: 3.923 Thread 0x0000000016766800 nmethod 1748% 0x00000000030b1490 code [0x00000000030b1720, 0x00000000030b2928]

GC Heap History (10 events):
Event: 2.410 GC heap before
{Heap before GC invocations=3 (full 0):
 PSYoungGen      total 18944K, used 18941K [0x00000000eab00000, 0x00000000ed000000, 0x0000000100000000)
  eden space 16384K, 100% used [0x00000000eab00000,0x00000000ebb00000,0x00000000ebb00000)
  from space 2560K, 99% used [0x00000000ebd80000,0x00000000ebfff7d8,0x00000000ec000000)
  to   space 2560K, 0% used [0x00000000ebb00000,0x00000000ebb00000,0x00000000ebd80000)
 ParOldGen       total 44032K, used 11016K [0x00000000c0000000, 0x00000000c2b00000, 0x00000000eab00000)
  object space 44032K, 25% used [0x00000000c0000000,0x00000000c0ac2370,0x00000000c2b00000)
 Metaspace       used 5718K, capacity 6896K, committed 7040K, reserved 1056768K
  class space    used 580K, capacity 616K, committed 640K, reserved 1048576K
Event: 2.422 GC heap after
Heap after GC invocations=3 (full 0):
 PSYoungGen      total 18944K, used 2557K [0x00000000eab00000, 0x00000000ed000000, 0x0000000100000000)
  eden space 16384K, 0% used [0x00000000eab00000,0x00000000eab00000,0x00000000ebb00000)
  from space 2560K, 99% used [0x00000000ebb00000,0x00000000ebd7f728,0x00000000ebd80000)
  to   space 2560K, 0% used [0x00000000ecd80000,0x00000000ecd80000,0x00000000ed000000)
 ParOldGen       total 44032K, used 16900K [0x00000000c0000000, 0x00000000c2b00000, 0x00000000eab00000)
  object space 44032K, 38% used [0x00000000c0000000,0x00000000c1081220,0x00000000c2b00000)
 Metaspace       used 5718K, capacity 6896K, committed 7040K, reserved 1056768K
  class space    used 580K, capacity 616K, committed 640K, reserved 1048576K
}
Event: 2.681 GC heap before
{Heap before GC invocations=4 (full 0):
 PSYoungGen      total 18944K, used 18941K [0x00000000eab00000, 0x00000000ed000000, 0x0000000100000000)
  eden space 16384K, 100% used [0x00000000eab00000,0x00000000ebb00000,0x00000000ebb00000)
  from space 2560K, 99% used [0x00000000ebb00000,0x00000000ebd7f728,0x00000000ebd80000)
  to   space 2560K, 0% used [0x00000000ecd80000,0x00000000ecd80000,0x00000000ed000000)
 ParOldGen       total 44032K, used 16900K [0x00000000c0000000, 0x00000000c2b00000, 0x00000000eab00000)
  object space 44032K, 38% used [0x00000000c0000000,0x00000000c1081220,0x00000000c2b00000)
 Metaspace       used 5737K, capacity 6896K, committed 7040K, reserved 1056768K
  class space    used 580K, capacity 616K, committed 640K, reserved 1048576K
Event: 2.701 GC heap after
Heap after GC invocations=4 (full 0):
 PSYoungGen      total 35328K, used 2558K [0x00000000eab00000, 0x00000000ed000000, 0x0000000100000000)
  eden space 32768K, 0% used [0x00000000eab00000,0x00000000eab00000,0x00000000ecb00000)
  from space 2560K, 99% used [0x00000000ecd80000,0x00000000ecfff870,0x00000000ed000000)
  to   space 2560K, 0% used [0x00000000ecb00000,0x00000000ecb00000,0x00000000ecd80000)
 ParOldGen       total 44032K, used 20294K [0x00000000c0000000, 0x00000000c2b00000, 0x00000000eab00000)
  object space 44032K, 46% used [0x00000000c0000000,0x00000000c13d1928,0x00000000c2b00000)
 Metaspace       used 5737K, capacity 6896K, committed 7040K, reserved 1056768K
  class space    used 580K, capacity 616K, committed 640K, reserved 1048576K
}
Event: 2.938 GC heap before
{Heap before GC invocations=5 (full 0):
 PSYoungGen      total 35328K, used 35326K [0x00000000eab00000, 0x00000000ed000000, 0x0000000100000000)
  eden space 32768K, 100% used [0x00000000eab00000,0x00000000ecb00000,0x00000000ecb00000)
  from space 2560K, 99% used [0x00000000ecd80000,0x00000000ecfff870,0x00000000ed000000)
  to   space 2560K, 0% used [0x00000000ecb00000,0x00000000ecb00000,0x00000000ecd80000)
 ParOldGen       total 44032K, used 20294K [0x00000000c0000000, 0x00000000c2b00000, 0x00000000eab00000)
  object space 44032K, 46% used [0x00000000c0000000,0x00000000c13d1928,0x00000000c2b00000)
 Metaspace       used 5748K, capacity 6896K, committed 7040K, reserved 1056768K
  class space    used 580K, capacity 616K, committed 640K, reserved 1048576K
Event: 2.959 GC heap after
Heap after GC invocations=5 (full 0):
 PSYoungGen      total 35328K, used 2546K [0x00000000eab00000, 0x00000000ed000000, 0x0000000100000000)
  eden space 32768K, 0% used [0x00000000eab00000,0x00000000eab00000,0x00000000ecb00000)
  from space 2560K, 99% used [0x00000000ecb00000,0x00000000ecd7ca20,0x00000000ecd80000)
  to   space 2560K, 0% used [0x00000000ecd80000,0x00000000ecd80000,0x00000000ed000000)
 ParOldGen       total 44032K, used 34134K [0x00000000c0000000, 0x00000000c2b00000, 0x00000000eab00000)
  object space 44032K, 77% used [0x00000000c0000000,0x00000000c21558b0,0x00000000c2b00000)
 Metaspace       used 5748K, capacity 6896K, committed 7040K, reserved 1056768K
  class space    used 580K, capacity 616K, committed 640K, reserved 1048576K
}
Event: 2.959 GC heap before
{Heap before GC invocations=6 (full 1):
 PSYoungGen      total 35328K, used 2546K [0x00000000eab00000, 0x00000000ed000000, 0x0000000100000000)
  eden space 32768K, 0% used [0x00000000eab00000,0x00000000eab00000,0x00000000ecb00000)
  from space 2560K, 99% used [0x00000000ecb00000,0x00000000ecd7ca20,0x00000000ecd80000)
  to   space 2560K, 0% used [0x00000000ecd80000,0x00000000ecd80000,0x00000000ed000000)
 ParOldGen       total 44032K, used 34134K [0x00000000c0000000, 0x00000000c2b00000, 0x00000000eab00000)
  object space 44032K, 77% used [0x00000000c0000000,0x00000000c21558b0,0x00000000c2b00000)
 Metaspace       used 5748K, capacity 6896K, committed 7040K, reserved 1056768K
  class space    used 580K, capacity 616K, committed 640K, reserved 1048576K
Event: 3.078 GC heap after
Heap after GC invocations=6 (full 1):
 PSYoungGen      total 35328K, used 0K [0x00000000eab00000, 0x00000000ed000000, 0x0000000100000000)
  eden space 32768K, 0% used [0x00000000eab00000,0x00000000eab00000,0x00000000ecb00000)
  from space 2560K, 0% used [0x00000000ecb00000,0x00000000ecb00000,0x00000000ecd80000)
  to   space 2560K, 0% used [0x00000000ecd80000,0x00000000ecd80000,0x00000000ed000000)
 ParOldGen       total 68096K, used 30394K [0x00000000c0000000, 0x00000000c4280000, 0x00000000eab00000)
  object space 68096K, 44% used [0x00000000c0000000,0x00000000c1daebe0,0x00000000c4280000)
 Metaspace       used 5748K, capacity 6896K, committed 7040K, reserved 1056768K
  class space    used 580K, capacity 616K, committed 640K, reserved 1048576K
}
Event: 3.673 GC heap before
{Heap before GC invocations=7 (full 1):
 PSYoungGen      total 35328K, used 32768K [0x00000000eab00000, 0x00000000ed000000, 0x0000000100000000)
  eden space 32768K, 100% used [0x00000000eab00000,0x00000000ecb00000,0x00000000ecb00000)
  from space 2560K, 0% used [0x00000000ecb00000,0x00000000ecb00000,0x00000000ecd80000)
  to   space 2560K, 0% used [0x00000000ecd80000,0x00000000ecd80000,0x00000000ed000000)
 ParOldGen       total 68096K, used 30394K [0x00000000c0000000, 0x00000000c4280000, 0x00000000eab00000)
  object space 68096K, 44% used [0x00000000c0000000,0x00000000c1daebe0,0x00000000c4280000)
 Metaspace       used 5923K, capacity 7024K, committed 7296K, reserved 1056768K
  class space    used 580K, capacity 616K, committed 640K, reserved 1048576K
Event: 3.685 GC heap after
Heap after GC invocations=7 (full 1):
 PSYoungGen      total 35328K, used 2552K [0x00000000eab00000, 0x00000000ed000000, 0x0000000100000000)
  eden space 32768K, 0% used [0x00000000eab00000,0x00000000eab00000,0x00000000ecb00000)
  from space 2560K, 99% used [0x00000000ecd80000,0x00000000ecffe018,0x00000000ed000000)
  to   space 2560K, 0% used [0x00000000ecb00000,0x00000000ecb00000,0x00000000ecd80000)
 ParOldGen       total 68096K, used 35397K [0x00000000c0000000, 0x00000000c4280000, 0x00000000eab00000)
  object space 68096K, 51% used [0x00000000c0000000,0x00000000c2291550,0x00000000c4280000)
 Metaspace       used 5923K, capacity 7024K, committed 7296K, reserved 1056768K
  class space    used 580K, capacity 616K, committed 640K, reserved 1048576K
}

Deoptimization events (10 events):
Event: 3.606 Thread 0x00000000168fa800 Uncommon trap: reason=class_check action=maybe_recompile pc=0x0000000002e2b4f4 method=com.android.dx.cf.code.BytecodeArray.parseInstruction(ILcom/android/dx/cf/code/BytecodeArray$Visitor;)I @ 1747
Event: 3.615 Thread 0x00000000168fa800 Uncommon trap: reason=unstable_if action=reinterpret pc=0x0000000002e587a0 method=com.android.dx.ssa.SsaRenamer$BlockRenamer.addMapping(ILcom/android/dx/rop/code/RegisterSpec;)V @ 120
Event: 3.658 Thread 0x0000000016908000 Uncommon trap: reason=uninitialized action=reinterpret pc=0x0000000002e2a6d4 method=com.android.dx.cf.code.BytecodeArray.parseInstruction(ILcom/android/dx/cf/code/BytecodeArray$Visitor;)I @ 1047
Event: 3.670 Thread 0x00000000168f9800 Uncommon trap: reason=unstable_if action=reinterpret pc=0x0000000003016154 method=com.android.dx.rop.code.LocalVariableExtractor.processBlock(I)V @ 179
Event: 3.821 Thread 0x00000000168fa800 Uncommon trap: reason=unstable_if action=reinterpret pc=0x0000000002e25100 method=com.android.dx.cf.code.Merger.mergeLocals(Lcom/android/dx/cf/code/OneLocalsArray;Lcom/android/dx/cf/code/OneLocalsArray;)Lcom/android/dx/cf/code/OneLocalsArray; @ 2
Event: 3.826 Thread 0x00000000168fa800 Uncommon trap: reason=unstable_if action=reinterpret pc=0x0000000002dfadbc method=com.android.dx.cf.code.LocalVariableList$Item.matchesPcAndIndex(II)Z @ 13
Event: 3.902 Thread 0x00000000168f5000 Uncommon trap: reason=bimorphic action=maybe_recompile pc=0x0000000002dfeb80 method=com.android.dx.cf.code.Merger.mergeType(Lcom/android/dx/rop/type/TypeBearer;Lcom/android/dx/rop/type/TypeBearer;)Lcom/android/dx/rop/type/TypeBearer; @ 6
Event: 3.916 Thread 0x00000000168f9800 Uncommon trap: reason=bimorphic action=maybe_recompile pc=0x0000000002dfeb80 method=com.android.dx.cf.code.Merger.mergeType(Lcom/android/dx/rop/type/TypeBearer;Lcom/android/dx/rop/type/TypeBearer;)Lcom/android/dx/rop/type/TypeBearer; @ 6
Event: 3.916 Thread 0x00000000168f5000 Uncommon trap: reason=unstable_if action=reinterpret pc=0x0000000002f68f78 method=com.android.dx.ssa.LiteralOpUpgrader$1.visitNonMoveInsn(Lcom/android/dx/ssa/NormalSsaInsn;)V @ 151
Event: 3.917 Thread 0x00000000168f9800 Uncommon trap: reason=bimorphic action=maybe_recompile pc=0x0000000002dfeb80 method=com.android.dx.cf.code.Merger.mergeType(Lcom/android/dx/rop/type/TypeBearer;Lcom/android/dx/rop/type/TypeBearer;)Lcom/android/dx/rop/type/TypeBearer; @ 6

Internal exceptions (2 events):
Event: 0.184 Thread 0x0000000000d1d800 Exception <a 'java/lang/NoSuchMethodError': Method sun.misc.Unsafe.defineClass(Ljava/lang/String;[BII)Ljava/lang/Class; name or signature does not match> (0x00000000eab07cc0) thrown at [C:\re\workspace\8-2-build-windows-amd64-cygwin\jdk8u74\6087\hotspot\srõVÔîå“Ç?
Event: 0.184 Thread 0x0000000000d1d800 Exception <a 'java/lang/NoSuchMethodError': Method sun.misc.Unsafe.prefetchRead(Ljava/lang/Object;J)V name or signature does not match> (0x00000000eab07fa8) thrown at [C:\re\workspace\8-2-build-windows-amd64-cygwin\jdk8u74\6087\hotspot\src\share\vm\prims\j

Events (10 events):
Event: 3.916 Thread 0x00000000168f9800 DEOPT UNPACKING pc=0x0000000002a2582a sp=0x000000001725e708 mode 2
Event: 3.916 Thread 0x00000000168f5000 DEOPT UNPACKING pc=0x0000000002a2582a sp=0x000000001705e870 mode 2
Event: 3.917 Thread 0x00000000168f9800 Uncommon trap: trap_request=0xffffffc6 fr.pc=0x0000000002dfeb80
Event: 3.917 Thread 0x00000000168f9800 DEOPT PACKING pc=0x0000000002dfeb80 sp=0x000000001725e780
Event: 3.917 Thread 0x00000000168f9800 DEOPT UNPACKING pc=0x0000000002a2582a sp=0x000000001725e708 mode 2
Event: 3.934 loading class java/util/zip/ZipFile$ZipEntryIterator
Event: 3.961 loading class java/util/zip/ZipFile$ZipEntryIterator done
Event: 3.961 loading class java/util/zip/ZipUtils
Event: 3.966 loading class java/util/zip/ZipUtils done
Event: 3.966 loading class java/util/Date


Dynamic libraries:
0x00007ff7d61f0000 - 0x00007ff7d6227000 	C:\Program Files\Java\jdk1.8.0_74\bin\java.exe
0x00007ffadf840000 - 0x00007ffadfa02000 	C:\Windows\SYSTEM32\ntdll.dll
0x00007ffadd0e0000 - 0x00007ffadd18d000 	C:\Windows\system32\KERNEL32.DLL
0x00007ffadcc70000 - 0x00007ffadce4d000 	C:\Windows\system32\KERNELBASE.dll
0x00007ffadebf0000 - 0x00007ffadec96000 	C:\Windows\system32\ADVAPI32.dll
0x00007ffadf0c0000 - 0x00007ffadf15d000 	C:\Windows\system32\msvcrt.dll
0x00007ffade930000 - 0x00007ffade98b000 	C:\Windows\system32\sechost.dll
0x00007ffadeca0000 - 0x00007ffadedc6000 	C:\Windows\system32\RPCRT4.dll
0x00007ffadedd0000 - 0x00007ffadef1e000 	C:\Windows\system32\USER32.dll
0x00007ffadf160000 - 0x00007ffadf2e5000 	C:\Windows\system32\GDI32.dll
0x00007ffad54f0000 - 0x00007ffad5764000 	C:\Windows\WinSxS\amd64_microsoft.windows.common-controls_6595b64144ccf1df_6.0.10240.16384_none_f41f7b285750ef43\COMCTL32.dll
0x00007ffade720000 - 0x00007ffade756000 	C:\Windows\system32\IMM32.DLL
0x00007ffadea80000 - 0x00007ffadebdc000 	C:\Windows\system32\MSCTF.dll
0x000000006db10000 - 0x000000006dbe2000 	C:\Program Files\Java\jdk1.8.0_74\jre\bin\msvcr100.dll
0x000000006e660000 - 0x000000006eef0000 	C:\Program Files\Java\jdk1.8.0_74\jre\bin\server\jvm.dll
0x00007ffadebe0000 - 0x00007ffadebe8000 	C:\Windows\system32\PSAPI.DLL
0x00007ffad8a40000 - 0x00007ffad8a49000 	C:\Windows\SYSTEM32\WSOCK32.dll
0x00007ffad5850000 - 0x00007ffad585a000 	C:\Windows\SYSTEM32\VERSION.dll
0x00007ffad5860000 - 0x00007ffad5883000 	C:\Windows\SYSTEM32\WINMM.dll
0x00007ffadf050000 - 0x00007ffadf0b9000 	C:\Windows\system32\WS2_32.dll
0x00007ffadea70000 - 0x00007ffadea78000 	C:\Windows\system32\NSI.dll
0x0000000000c70000 - 0x0000000000c9c000 	C:\Windows\SYSTEM32\WINMMBASE.dll
0x00007ffadc940000 - 0x00007ffadc984000 	C:\Windows\system32\cfgmgr32.dll
0x00007ffadab20000 - 0x00007ffadab47000 	C:\Windows\SYSTEM32\DEVOBJ.dll
0x000000006e570000 - 0x000000006e57f000 	C:\Program Files\Java\jdk1.8.0_74\jre\bin\verify.dll
0x000000006e540000 - 0x000000006e569000 	C:\Program Files\Java\jdk1.8.0_74\jre\bin\java.dll
0x000000006e520000 - 0x000000006e536000 	C:\Program Files\Java\jdk1.8.0_74\jre\bin\zip.dll
0x00007ffadd190000 - 0x00007ffade6b5000 	C:\Windows\system32\SHELL32.dll
0x00007ffadc310000 - 0x00007ffadc938000 	C:\Windows\system32\windows.storage.dll
0x00007ffadf3a0000 - 0x00007ffadf61c000 	C:\Windows\system32\combase.dll
0x00007ffade6c0000 - 0x00007ffade711000 	C:\Windows\system32\shlwapi.dll
0x00007ffadc300000 - 0x00007ffadc30f000 	C:\Windows\system32\kernel.appcore.dll
0x00007ffadce50000 - 0x00007ffadcf03000 	C:\Windows\system32\shcore.dll
0x00007ffadc2b0000 - 0x00007ffadc2fa000 	C:\Windows\system32\powrprof.dll
0x00007ffadc270000 - 0x00007ffadc283000 	C:\Windows\system32\profapi.dll

VM Arguments:
jvm_args: -Xmx1024M -Dfile.encoding=GBK -Duser.country=CN -Duser.language=zh -Duser.variant 
java_command: com.android.dx.command.Main --dex --num-threads=4 --output E:\A_Technology\A_AndroidWork\B_Project\2016_3_18_LetsGo\LetsGo\app\build\intermediates\dex\debug E:\A_Technology\A_AndroidWork\B_Project\2016_3_18_LetsGo\LetsGo\app\build\intermediates\classes\debug E:\A_Technology\A_AndroidWork\B_Project\2016_3_18_LetsGo\LetsGo\app\build\intermediates\pre-dexed\debug\support-annotations-23.0.0-31a3d6974e5b6e9d06d4b775c196c0894543bf51.jar E:\A_Technology\A_AndroidWork\B_Project\2016_3_18_LetsGo\LetsGo\app\build\intermediates\pre-dexed\debug\classes-91c6730976d73f51ed8307d743b9081cffa71326.jar E:\A_Technology\A_AndroidWork\B_Project\2016_3_18_LetsGo\LetsGo\app\build\intermediates\pre-dexed\debug\gson-2.2.4-89426946db8cc6c5ede29ebe2b994ccbf97e9fe7.jar E:\A_Technology\A_AndroidWork\B_Project\2016_3_18_LetsGo\LetsGo\app\build\intermediates\pre-dexed\debug\classes-2ba8d5ff7c1588d921442d1b5f56c18bfc8912f1.jar E:\A_Technology\A_AndroidWork\B_Project\2016_3_18_LetsGo\LetsGo\app\build\intermediates\pre-dexed\debug\internal_impl-23.0.0-3a36c736ea639479e7010868535e4ea2cbd71d74.jar E:\A_Technology\A_AndroidWork\B_Project\2016_3_18_LetsGo\LetsGo\app\build\intermediates\pre-dexed\debug\org.json-1e3be68b177bbe62099ad0f50d608933b273e0a0.jar E:\A_Technology\A_AndroidWork\B_Project\2016_3_18_LetsGo\LetsGo\app\build\intermediates\pre-dexed\debug\volley-50538d365cc9565949a8ba481effae25cbf36afb.jar E:\A_Technology\A_AndroidWork\B_Project\2016_3_18_LetsGo\LetsGo\app\build\intermediates\pre-dexed\debug\classes-bee169f9f80f346b8d998656f46fbd41c79f583e.jar E:\A_Technology\A_AndroidWork\B_Project\2016_3_18_LetsGo\LetsGo\app\build\intermediates\pre-dexed\debug\classes-7c8ea9a05db98ccd2896a77c3de5a37bab19dcc9.jar E:\A_Technology\A_AndroidWork\B_Project\2016_3_18_LetsGo\LetsGo\app\build\intermediates\pre-dexed\debug\classes-fba4d220812798cbf0cc83f33653604b58cdd907.jar
java_class_path (initial): D:\A_Develop\Android\android-sdk\build-tools\23.0.0\lib\dx.jar
Launcher Type: SUN_STANDARD

Environment Variables:
JAVA_HOME=C:\Program Files\Java\jdk1.8.0_74
CLASSPATH=.;C:\Program Files\Java\jdk1.8.0_74\jdk1.8.0_74\lib\dt.jar;C:\Program Files\Java\jdk1.8.0_74\jdk1.8.0_74\lib\tools.jar;
PATH=C:\ProgramData\Oracle\Java\javapath;C:\Windows\system32;C:\Windows;C:\Windows\System32\Wbem;C:\Windows\System32\WindowsPowerShell\v1.0\;C:\Program Files\MySQL\MySQL Server 5.5\bin;C:\Program Files\Java\jdk1.8.0_74\bin;C:\Program Files\Java\jre1.8.0_74\bin;C:\Users\vivi\AppData\Local\atom\bin
USERNAME=vivi
OS=Windows_NT
PROCESSOR_IDENTIFIER=Intel64 Family 6 Model 69 Stepping 1, GenuineIntel



---------------  S Y S T E M  ---------------

OS: Windows 10.0 , 64 bit Build 10240 (10.0.10240.16384)

CPU:total 4 (2 cores per cpu, 2 threads per core) family 6 model 69 stepping 1, cmov, cx8, fxsr, mmx, sse, sse2, sse3, ssse3, sse4.1, sse4.2, popcnt, avx, avx2, aes, clmul, erms, lzcnt, ht, tsc, tscinvbit, bmi1, bmi2

Memory: 4k page, physical 4088172k(244428k free), swap 8806760k(6416k free)

vm_info: Java HotSpot(TM) 64-Bit Server VM (25.74-b02) for windows-amd64 JRE (1.8.0_74-b02), built on Jan 29 2016 17:42:36 by "java_re" with MS VC++ 10.0 (VS2010)

time: Wed Apr 13 22:04:23 2016
elapsed time: 4 seconds (0d 0h 0m 4s)

