#
# There is insufficient memory for the Java Runtime Environment to continue.
# Native memory allocation (malloc) failed to allocate 352592 bytes for Chunk::new
# Possible reasons:
#   The system is out of physical RAM or swap space
#   In 32 bit mode, the process size limit was hit
# Possible solutions:
#   Reduce memory load on the system
#   Increase physical memory or swap space
#   Check if swap backing store is full
#   Use 64 bit Java on a 64 bit OS
#   Decrease Java heap size (-Xmx/-Xms)
#   Decrease number of Java threads
#   Decrease Java thread stack sizes (-Xss)
#   Set larger code cache with -XX:ReservedCodeCacheSize=
# This output file may be truncated or incomplete.
#
#  Out of Memory Error (allocation.cpp:390), pid=27348, tid=27932
#
# JRE version: Java(TM) SE Runtime Environment (8.0_74-b02) (build 1.8.0_74-b02)
# Java VM: Java HotSpot(TM) 64-Bit Server VM (25.74-b02 mixed mode windows-amd64 compressed oops)
# Failed to write core dump. Minidumps are not enabled by default on client versions of Windows
#

---------------  T H R E A D  ---------------

Current thread (0x0000000016700800):  JavaThread "C2 CompilerThread1" daemon [_thread_in_native, id=27932, stack(0x0000000016b00000,0x0000000016c00000)]

Stack: [0x0000000016b00000,0x0000000016c00000]
[error occurred during error reporting (printing stack bounds), id 0xc0000005]

Native frames: (J=compiled Java code, j=interpreted, Vv=VM code, C=native code)


Current CompileTask:
C2:   3788 1450       4       com.android.dx.ssa.SCCP::simulateBranch (666 bytes)


---------------  P R O C E S S  ---------------

Java Threads: ( => current thread )
  0x0000000016964800 JavaThread "pool-1-thread-4" [_thread_blocked, id=34516, stack(0x0000000017300000,0x0000000017400000)]
  0x0000000016949800 JavaThread "pool-1-thread-3" [_thread_blocked, id=31536, stack(0x0000000017200000,0x0000000017300000)]
  0x0000000016896000 JavaThread "pool-1-thread-2" [_thread_in_Java, id=27636, stack(0x0000000017100000,0x0000000017200000)]
  0x0000000016892800 JavaThread "pool-2-thread-1" [_thread_blocked, id=30452, stack(0x0000000017000000,0x0000000017100000)]
  0x0000000016891800 JavaThread "pool-1-thread-1" [_thread_blocked, id=28648, stack(0x0000000016f00000,0x0000000017000000)]
  0x0000000016782800 JavaThread "Service Thread" daemon [_thread_blocked, id=41600, stack(0x0000000016d00000,0x0000000016e00000)]
  0x0000000016707800 JavaThread "C1 CompilerThread2" daemon [_thread_blocked, id=31924, stack(0x0000000016c00000,0x0000000016d00000)]
=>0x0000000016700800 JavaThread "C2 CompilerThread1" daemon [_thread_in_native, id=27932, stack(0x0000000016b00000,0x0000000016c00000)]
  0x000000001507c000 JavaThread "C2 CompilerThread0" daemon [_thread_in_native, id=36648, stack(0x0000000016600000,0x0000000016700000)]
  0x000000001507a800 JavaThread "Attach Listener" daemon [_thread_blocked, id=33424, stack(0x0000000016500000,0x0000000016600000)]
  0x000000001502d800 JavaThread "Signal Dispatcher" daemon [_thread_blocked, id=33080, stack(0x0000000016400000,0x0000000016500000)]
  0x000000001500a000 JavaThread "Finalizer" daemon [_thread_blocked, id=36736, stack(0x00000000162a0000,0x00000000163a0000)]
  0x0000000002940000 JavaThread "Reference Handler" daemon [_thread_blocked, id=32628, stack(0x00000000161a0000,0x00000000162a0000)]
  0x000000000239d800 JavaThread "main" [_thread_in_native, id=43720, stack(0x0000000002750000,0x0000000002850000)]

Other Threads:
  0x0000000014fe7000 VMThread [stack: 0x00000000160a0000,0x00000000161a0000] [id=24288]
  0x00000000167af800 WatcherThread [stack: 0x0000000016e00000,0x0000000016f00000] [id=39396]

VM state:not at safepoint (normal execution)

VM Mutex/Monitor currently owned by a thread: None

Heap:
 PSYoungGen      total 35328K, used 14524K [0x00000000eab00000, 0x00000000ed000000, 0x0000000100000000)
  eden space 32768K, 44% used [0x00000000eab00000,0x00000000eb92f3b0,0x00000000ecb00000)
  from space 2560K, 0% used [0x00000000ecb00000,0x00000000ecb00000,0x00000000ecd80000)
  to   space 2560K, 0% used [0x00000000ecd80000,0x00000000ecd80000,0x00000000ed000000)
 ParOldGen       total 61440K, used 11321K [0x00000000c0000000, 0x00000000c3c00000, 0x00000000eab00000)
  object space 61440K, 18% used [0x00000000c0000000,0x00000000c0b0e708,0x00000000c3c00000)
 Metaspace       used 5956K, capacity 7088K, committed 7296K, reserved 1056768K
  class space    used 580K, capacity 616K, committed 640K, reserved 1048576K

Card table byte_map: [0x0000000011d10000,0x0000000011f20000] byte_map_base: 0x0000000011710000

Marking Bits: (ParMarkBitMap*) 0x000000006ee70600
 Begin Bits: [0x0000000012480000, 0x0000000013480000)
 End Bits:   [0x0000000013480000, 0x0000000014480000)

Polling page: 0x00000000007c0000

CodeCache: size=245760Kb used=6723Kb max_used=6740Kb free=239036Kb
 bounds [0x0000000002950000, 0x0000000002ff0000, 0x0000000011950000]
 total_blobs=1844 nmethods=1580 adapters=177
 compilation: enabled

Compilation events (10 events):
Event: 3.637 Thread 0x0000000016707800 1612       2       java.util.TreeMap$EntryIterator::next (5 bytes)
Event: 3.638 Thread 0x0000000016707800 nmethod 1612 0x0000000002fcffd0 code [0x0000000002fd0140, 0x0000000002fd02a8]
Event: 3.638 Thread 0x0000000016707800 1613       2       java.util.TreeMap$EntryIterator::next (5 bytes)
Event: 3.638 Thread 0x0000000016707800 nmethod 1613 0x0000000002fd3c50 code [0x0000000002fd3dc0, 0x0000000002fd3f28]
Event: 3.692 Thread 0x0000000016707800 1614       2       java.util.concurrent.locks.AbstractQueuedSynchronizer::isOnSyncQueue (33 bytes)
Event: 3.692 Thread 0x0000000016707800 nmethod 1614 0x0000000002fd3790 code [0x0000000002fd3900, 0x0000000002fd3b30]
Event: 3.706 Thread 0x0000000016707800 1615       2       java.util.concurrent.locks.AbstractQueuedSynchronizer::compareAndSetTail (13 bytes)
Event: 3.706 Thread 0x0000000016707800 nmethod 1615 0x0000000002fd3450 code [0x0000000002fd35a0, 0x0000000002fd3710]
Event: 3.706 Thread 0x0000000016707800 1616       2       java.util.concurrent.locks.AbstractQueuedSynchronizer::setHead (16 bytes)
Event: 3.706 Thread 0x0000000016707800 nmethod 1616 0x0000000002fd3090 code [0x0000000002fd31e0, 0x0000000002fd3390]

GC Heap History (10 events):
Event: 2.439 GC heap before
{Heap before GC invocations=3 (full 0):
 PSYoungGen      total 18944K, used 18929K [0x00000000eab00000, 0x00000000ed000000, 0x0000000100000000)
  eden space 16384K, 100% used [0x00000000eab00000,0x00000000ebb00000,0x00000000ebb00000)
  from space 2560K, 99% used [0x00000000ebd80000,0x00000000ebffc660,0x00000000ec000000)
  to   space 2560K, 0% used [0x00000000ebb00000,0x00000000ebb00000,0x00000000ebd80000)
 ParOldGen       total 44032K, used 6950K [0x00000000c0000000, 0x00000000c2b00000, 0x00000000eab00000)
  object space 44032K, 15% used [0x00000000c0000000,0x00000000c06c9a38,0x00000000c2b00000)
 Metaspace       used 5846K, capacity 6960K, committed 7040K, reserved 1056768K
  class space    used 579K, capacity 616K, committed 640K, reserved 1048576K
Event: 2.454 GC heap after
Heap after GC invocations=3 (full 0):
 PSYoungGen      total 18944K, used 2545K [0x00000000eab00000, 0x00000000ed000000, 0x0000000100000000)
  eden space 16384K, 0% used [0x00000000eab00000,0x00000000eab00000,0x00000000ebb00000)
  from space 2560K, 99% used [0x00000000ebb00000,0x00000000ebd7c660,0x00000000ebd80000)
  to   space 2560K, 0% used [0x00000000ecd80000,0x00000000ecd80000,0x00000000ed000000)
 ParOldGen       total 44032K, used 18243K [0x00000000c0000000, 0x00000000c2b00000, 0x00000000eab00000)
  object space 44032K, 41% used [0x00000000c0000000,0x00000000c11d0c50,0x00000000c2b00000)
 Metaspace       used 5846K, capacity 6960K, committed 7040K, reserved 1056768K
  class space    used 579K, capacity 616K, committed 640K, reserved 1048576K
}
Event: 2.674 GC heap before
{Heap before GC invocations=4 (full 0):
 PSYoungGen      total 18944K, used 18929K [0x00000000eab00000, 0x00000000ed000000, 0x0000000100000000)
  eden space 16384K, 100% used [0x00000000eab00000,0x00000000ebb00000,0x00000000ebb00000)
  from space 2560K, 99% used [0x00000000ebb00000,0x00000000ebd7c660,0x00000000ebd80000)
  to   space 2560K, 0% used [0x00000000ecd80000,0x00000000ecd80000,0x00000000ed000000)
 ParOldGen       total 44032K, used 18243K [0x00000000c0000000, 0x00000000c2b00000, 0x00000000eab00000)
  object space 44032K, 41% used [0x00000000c0000000,0x00000000c11d0c50,0x00000000c2b00000)
 Metaspace       used 5895K, capacity 7024K, committed 7296K, reserved 1056768K
  class space    used 580K, capacity 616K, committed 640K, reserved 1048576K
Event: 2.690 GC heap after
Heap after GC invocations=4 (full 0):
 PSYoungGen      total 35328K, used 2538K [0x00000000eab00000, 0x00000000ed000000, 0x0000000100000000)
  eden space 32768K, 0% used [0x00000000eab00000,0x00000000eab00000,0x00000000ecb00000)
  from space 2560K, 99% used [0x00000000ecd80000,0x00000000ecffab30,0x00000000ed000000)
  to   space 2560K, 0% used [0x00000000ecb00000,0x00000000ecb00000,0x00000000ecd80000)
 ParOldGen       total 44032K, used 21647K [0x00000000c0000000, 0x00000000c2b00000, 0x00000000eab00000)
  object space 44032K, 49% used [0x00000000c0000000,0x00000000c1523d08,0x00000000c2b00000)
 Metaspace       used 5895K, capacity 7024K, committed 7296K, reserved 1056768K
  class space    used 580K, capacity 616K, committed 640K, reserved 1048576K
}
Event: 2.931 GC heap before
{Heap before GC invocations=5 (full 0):
 PSYoungGen      total 35328K, used 35306K [0x00000000eab00000, 0x00000000ed000000, 0x0000000100000000)
  eden space 32768K, 100% used [0x00000000eab00000,0x00000000ecb00000,0x00000000ecb00000)
  from space 2560K, 99% used [0x00000000ecd80000,0x00000000ecffab30,0x00000000ed000000)
  to   space 2560K, 0% used [0x00000000ecb00000,0x00000000ecb00000,0x00000000ecd80000)
 ParOldGen       total 44032K, used 21647K [0x00000000c0000000, 0x00000000c2b00000, 0x00000000eab00000)
  object space 44032K, 49% used [0x00000000c0000000,0x00000000c1523d08,0x00000000c2b00000)
 Metaspace       used 5919K, capacity 7024K, committed 7296K, reserved 1056768K
  class space    used 580K, capacity 616K, committed 640K, reserved 1048576K
Event: 2.963 GC heap after
Heap after GC invocations=5 (full 0):
 PSYoungGen      total 35328K, used 2533K [0x00000000eab00000, 0x00000000ed000000, 0x0000000100000000)
  eden space 32768K, 0% used [0x00000000eab00000,0x00000000eab00000,0x00000000ecb00000)
  from space 2560K, 98% used [0x00000000ecb00000,0x00000000ecd79670,0x00000000ecd80000)
  to   space 2560K, 0% used [0x00000000ecd80000,0x00000000ecd80000,0x00000000ed000000)
 ParOldGen       total 44032K, used 33971K [0x00000000c0000000, 0x00000000c2b00000, 0x00000000eab00000)
  object space 44032K, 77% used [0x00000000c0000000,0x00000000c212cd30,0x00000000c2b00000)
 Metaspace       used 5919K, capacity 7024K, committed 7296K, reserved 1056768K
  class space    used 580K, capacity 616K, committed 640K, reserved 1048576K
}
Event: 2.963 GC heap before
{Heap before GC invocations=6 (full 1):
 PSYoungGen      total 35328K, used 2533K [0x00000000eab00000, 0x00000000ed000000, 0x0000000100000000)
  eden space 32768K, 0% used [0x00000000eab00000,0x00000000eab00000,0x00000000ecb00000)
  from space 2560K, 98% used [0x00000000ecb00000,0x00000000ecd79670,0x00000000ecd80000)
  to   space 2560K, 0% used [0x00000000ecd80000,0x00000000ecd80000,0x00000000ed000000)
 ParOldGen       total 44032K, used 33971K [0x00000000c0000000, 0x00000000c2b00000, 0x00000000eab00000)
  object space 44032K, 77% used [0x00000000c0000000,0x00000000c212cd30,0x00000000c2b00000)
 Metaspace       used 5919K, capacity 7024K, committed 7296K, reserved 1056768K
  class space    used 580K, capacity 616K, committed 640K, reserved 1048576K
Event: 3.079 GC heap after
Heap after GC invocations=6 (full 1):
 PSYoungGen      total 35328K, used 0K [0x00000000eab00000, 0x00000000ed000000, 0x0000000100000000)
  eden space 32768K, 0% used [0x00000000eab00000,0x00000000eab00000,0x00000000ecb00000)
  from space 2560K, 0% used [0x00000000ecb00000,0x00000000ecb00000,0x00000000ecd80000)
  to   space 2560K, 0% used [0x00000000ecd80000,0x00000000ecd80000,0x00000000ed000000)
 ParOldGen       total 44032K, used 29543K [0x00000000c0000000, 0x00000000c2b00000, 0x00000000eab00000)
  object space 44032K, 67% used [0x00000000c0000000,0x00000000c1cd9f48,0x00000000c2b00000)
 Metaspace       used 5919K, capacity 7024K, committed 7296K, reserved 1056768K
  class space    used 580K, capacity 616K, committed 640K, reserved 1048576K
}
Event: 3.266 GC heap before
{Heap before GC invocations=7 (full 2):
 PSYoungGen      total 35328K, used 32768K [0x00000000eab00000, 0x00000000ed000000, 0x0000000100000000)
  eden space 32768K, 100% used [0x00000000eab00000,0x00000000ecb00000,0x00000000ecb00000)
  from space 2560K, 0% used [0x00000000ecb00000,0x00000000ecb00000,0x00000000ecd80000)
  to   space 2560K, 0% used [0x00000000ecd80000,0x00000000ecd80000,0x00000000ed000000)
 ParOldGen       total 44032K, used 29543K [0x00000000c0000000, 0x00000000c2b00000, 0x00000000eab00000)
  object space 44032K, 67% used [0x00000000c0000000,0x00000000c1cd9f48,0x00000000c2b00000)
 Metaspace       used 5921K, capacity 7024K, committed 7296K, reserved 1056768K
  class space    used 580K, capacity 616K, committed 640K, reserved 1048576K
Event: 3.373 GC heap after
Heap after GC invocations=7 (full 2):
 PSYoungGen      total 35328K, used 0K [0x00000000eab00000, 0x00000000ed000000, 0x0000000100000000)
  eden space 32768K, 0% used [0x00000000eab00000,0x00000000eab00000,0x00000000ecb00000)
  from space 2560K, 0% used [0x00000000ecb00000,0x00000000ecb00000,0x00000000ecd80000)
  to   space 2560K, 0% used [0x00000000ecd80000,0x00000000ecd80000,0x00000000ed000000)
 ParOldGen       total 61440K, used 11321K [0x00000000c0000000, 0x00000000c3c00000, 0x00000000eab00000)
  object space 61440K, 18% used [0x00000000c0000000,0x00000000c0b0e708,0x00000000c3c00000)
 Metaspace       used 5921K, capacity 7024K, committed 7296K, reserved 1056768K
  class space    used 580K, capacity 616K, committed 640K, reserved 1048576K
}

Deoptimization events (10 events):
Event: 2.691 Thread 0x0000000016949800 Uncommon trap: reason=unstable_if action=reinterpret pc=0x0000000002d49b10 method=com.android.dx.ssa.SetFactory.makeLivenessSet(I)Lcom/android/dx/util/IntSet; @ 4
Event: 2.691 Thread 0x0000000016949800 Uncommon trap: reason=unstable_if action=reinterpret pc=0x0000000002dae428 method=com.android.dx.util.IntList.binarysearch(I)I @ 105
Event: 2.700 Thread 0x0000000016891800 Uncommon trap: reason=unstable_if action=reinterpret pc=0x0000000002f316a0 method=com.android.dx.cf.code.RopperMachine.run(Lcom/android/dx/cf/code/Frame;II)V @ 927
Event: 2.818 Thread 0x0000000016896000 Uncommon trap: reason=bimorphic action=maybe_recompile pc=0x0000000002e5384c method=com.android.dx.cf.code.BaseMachine.getLocalTarget(Z)Lcom/android/dx/rop/code/RegisterSpec; @ 70
Event: 2.818 Thread 0x0000000016896000 Uncommon trap: reason=bimorphic action=maybe_recompile pc=0x0000000002e5384c method=com.android.dx.cf.code.BaseMachine.getLocalTarget(Z)Lcom/android/dx/rop/code/RegisterSpec; @ 70
Event: 2.821 Thread 0x0000000016896000 Uncommon trap: reason=unstable_if action=reinterpret pc=0x0000000002f0cf18 method=com.android.dx.ssa.SsaRenamer$BlockRenamer.addMapping(ILcom/android/dx/rop/code/RegisterSpec;)V @ 120
Event: 2.881 Thread 0x0000000016891800 Uncommon trap: reason=uninitialized action=reinterpret pc=0x0000000002ea7230 method=com.android.dx.cf.code.BytecodeArray.parseInstruction(ILcom/android/dx/cf/code/BytecodeArray$Visitor;)I @ 1047
Event: 2.899 Thread 0x0000000016891800 Uncommon trap: reason=bimorphic action=maybe_recompile pc=0x0000000002e5384c method=com.android.dx.cf.code.BaseMachine.getLocalTarget(Z)Lcom/android/dx/rop/code/RegisterSpec; @ 70
Event: 2.899 Thread 0x0000000016891800 Uncommon trap: reason=bimorphic action=maybe_recompile pc=0x0000000002e5384c method=com.android.dx.cf.code.BaseMachine.getLocalTarget(Z)Lcom/android/dx/rop/code/RegisterSpec; @ 70
Event: 2.900 Thread 0x0000000016891800 Uncommon trap: reason=unstable_if action=reinterpret pc=0x0000000002dbe340 method=com.android.dx.ssa.SsaRenamer$BlockRenamer.addMapping(ILcom/android/dx/rop/code/RegisterSpec;)V @ 120

Internal exceptions (3 events):
Event: 0.162 Thread 0x000000000239d800 Exception <a 'java/lang/NoSuchMethodError': Method sun.misc.Unsafe.defineClass(Ljava/lang/String;[BII)Ljava/lang/Class; name or signature does not match> (0x00000000eab07cc0) thrown at [C:\re\workspace\8-2-build-windows-amd64-cygwin\jdk8u74\6087\hotspot\sr›ÔÛ:ÉÄ?
Event: 0.162 Thread 0x000000000239d800 Exception <a 'java/lang/NoSuchMethodError': Method sun.misc.Unsafe.prefetchRead(Ljava/lang/Object;J)V name or signature does not match> (0x00000000eab07fa8) thrown at [C:\re\workspace\8-2-build-windows-amd64-cygwin\jdk8u74\6087\hotspot\src\share\vm\prims\j‡3ŸKLDý?
Event: 1.829 Thread 0x0000000016891800 Implicit null exception at 0x0000000002ca82e2 to 0x0000000002ca83e9

Events (10 events):
Event: 2.900 Thread 0x0000000016891800 DEOPT PACKING pc=0x0000000002dbe340 sp=0x0000000016ffe710
Event: 2.900 Thread 0x0000000016891800 DEOPT UNPACKING pc=0x000000000299582a sp=0x0000000016ffe6a0 mode 2
Event: 2.931 Executing VM operation: ParallelGCFailedAllocation
Event: 3.079 Executing VM operation: ParallelGCFailedAllocation done
Event: 3.088 Thread 0x0000000016949800 DEOPT PACKING pc=0x0000000002e8683d sp=0x00000000172fe850
Event: 3.088 Thread 0x0000000016949800 DEOPT UNPACKING pc=0x000000000299787f sp=0x00000000172fe590 mode 0
Event: 3.135 Thread 0x0000000016949800 DEOPT PACKING pc=0x0000000002f972ca sp=0x00000000172fe4e0
Event: 3.135 Thread 0x0000000016949800 DEOPT UNPACKING pc=0x000000000299787f sp=0x00000000172fe228 mode 0
Event: 3.265 Executing VM operation: ParallelGCFailedAllocation
Event: 3.373 Executing VM operation: ParallelGCFailedAllocation done


Dynamic libraries:
0x00007ff7d61f0000 - 0x00007ff7d6227000 	C:\Program Files\Java\jdk1.8.0_74\bin\java.exe
0x00007ffadf840000 - 0x00007ffadfa02000 	C:\Windows\SYSTEM32\ntdll.dll
0x00007ffadd0e0000 - 0x00007ffadd18d000 	C:\Windows\system32\KERNEL32.DLL
0x00007ffadcc70000 - 0x00007ffadce4d000 	C:\Windows\system32\KERNELBASE.dll
0x00007ffadebf0000 - 0x00007ffadec96000 	C:\Windows\system32\ADVAPI32.dll
0x00007ffadf0c0000 - 0x00007ffadf15d000 	C:\Windows\system32\msvcrt.dll
0x00007ffade930000 - 0x00007ffade98b000 	C:\Windows\system32\sechost.dll
0x00007ffadeca0000 - 0x00007ffadedc6000 	C:\Windows\system32\RPCRT4.dll
0x00007ffadedd0000 - 0x00007ffadef1e000 	C:\Windows\system32\USER32.dll
0x00007ffadf160000 - 0x00007ffadf2e5000 	C:\Windows\system32\GDI32.dll
0x00007ffad54f0000 - 0x00007ffad5764000 	C:\Windows\WinSxS\amd64_microsoft.windows.common-controls_6595b64144ccf1df_6.0.10240.16384_none_f41f7b285750ef43\COMCTL32.dll
0x00007ffade720000 - 0x00007ffade756000 	C:\Windows\system32\IMM32.DLL
0x00007ffadea80000 - 0x00007ffadebdc000 	C:\Windows\system32\MSCTF.dll
0x000000006db10000 - 0x000000006dbe2000 	C:\Program Files\Java\jdk1.8.0_74\jre\bin\msvcr100.dll
0x000000006e660000 - 0x000000006eef0000 	C:\Program Files\Java\jdk1.8.0_74\jre\bin\server\jvm.dll
0x00007ffadebe0000 - 0x00007ffadebe8000 	C:\Windows\system32\PSAPI.DLL
0x00007ffad8a40000 - 0x00007ffad8a49000 	C:\Windows\SYSTEM32\WSOCK32.dll
0x00007ffad5850000 - 0x00007ffad585a000 	C:\Windows\SYSTEM32\VERSION.dll
0x00007ffad5860000 - 0x00007ffad5883000 	C:\Windows\SYSTEM32\WINMM.dll
0x00007ffadf050000 - 0x00007ffadf0b9000 	C:\Windows\system32\WS2_32.dll
0x00007ffadea70000 - 0x00007ffadea78000 	C:\Windows\system32\NSI.dll
0x0000000002320000 - 0x000000000234c000 	C:\Windows\SYSTEM32\WINMMBASE.dll
0x00007ffadc940000 - 0x00007ffadc984000 	C:\Windows\system32\cfgmgr32.dll
0x00007ffadab20000 - 0x00007ffadab47000 	C:\Windows\SYSTEM32\DEVOBJ.dll
0x000000006e570000 - 0x000000006e57f000 	C:\Program Files\Java\jdk1.8.0_74\jre\bin\verify.dll
0x000000006e540000 - 0x000000006e569000 	C:\Program Files\Java\jdk1.8.0_74\jre\bin\java.dll
0x000000006e520000 - 0x000000006e536000 	C:\Program Files\Java\jdk1.8.0_74\jre\bin\zip.dll
0x00007ffadd190000 - 0x00007ffade6b5000 	C:\Windows\system32\SHELL32.dll
0x00007ffadc310000 - 0x00007ffadc938000 	C:\Windows\system32\windows.storage.dll
0x00007ffadf3a0000 - 0x00007ffadf61c000 	C:\Windows\system32\combase.dll
0x00007ffade6c0000 - 0x00007ffade711000 	C:\Windows\system32\shlwapi.dll
0x00007ffadc300000 - 0x00007ffadc30f000 	C:\Windows\system32\kernel.appcore.dll
0x00007ffadce50000 - 0x00007ffadcf03000 	C:\Windows\system32\shcore.dll
0x00007ffadc2b0000 - 0x00007ffadc2fa000 	C:\Windows\system32\powrprof.dll
0x00007ffadc270000 - 0x00007ffadc283000 	C:\Windows\system32\profapi.dll

VM Arguments:
jvm_args: -Xmx1024M -Dfile.encoding=GBK -Duser.country=CN -Duser.language=zh -Duser.variant 
java_command: com.android.dx.command.Main --dex --num-threads=4 --output E:\A_Technology\A_AndroidWork\B_Project\2016_3_18_LetsGo\LetsGo\app\build\intermediates\dex\debug E:\A_Technology\A_AndroidWork\B_Project\2016_3_18_LetsGo\LetsGo\app\build\intermediates\classes\debug E:\A_Technology\A_AndroidWork\B_Project\2016_3_18_LetsGo\LetsGo\app\build\intermediates\pre-dexed\debug\support-annotations-23.0.0-31a3d6974e5b6e9d06d4b775c196c0894543bf51.jar E:\A_Technology\A_AndroidWork\B_Project\2016_3_18_LetsGo\LetsGo\app\build\intermediates\pre-dexed\debug\classes-91c6730976d73f51ed8307d743b9081cffa71326.jar E:\A_Technology\A_AndroidWork\B_Project\2016_3_18_LetsGo\LetsGo\app\build\intermediates\pre-dexed\debug\gson-2.2.4-89426946db8cc6c5ede29ebe2b994ccbf97e9fe7.jar E:\A_Technology\A_AndroidWork\B_Project\2016_3_18_LetsGo\LetsGo\app\build\intermediates\pre-dexed\debug\classes-2ba8d5ff7c1588d921442d1b5f56c18bfc8912f1.jar E:\A_Technology\A_AndroidWork\B_Project\2016_3_18_LetsGo\LetsGo\app\build\intermediates\pre-dexed\debug\internal_impl-23.0.0-3a36c736ea639479e7010868535e4ea2cbd71d74.jar E:\A_Technology\A_AndroidWork\B_Project\2016_3_18_LetsGo\LetsGo\app\build\intermediates\pre-dexed\debug\org.json-1e3be68b177bbe62099ad0f50d608933b273e0a0.jar E:\A_Technology\A_AndroidWork\B_Project\2016_3_18_LetsGo\LetsGo\app\build\intermediates\pre-dexed\debug\volley-50538d365cc9565949a8ba481effae25cbf36afb.jar E:\A_Technology\A_AndroidWork\B_Project\2016_3_18_LetsGo\LetsGo\app\build\intermediates\pre-dexed\debug\classes-bee169f9f80f346b8d998656f46fbd41c79f583e.jar E:\A_Technology\A_AndroidWork\B_Project\2016_3_18_LetsGo\LetsGo\app\build\intermediates\pre-dexed\debug\classes-7c8ea9a05db98ccd2896a77c3de5a37bab19dcc9.jar E:\A_Technology\A_AndroidWork\B_Project\2016_3_18_LetsGo\LetsGo\app\build\intermediates\pre-dexed\debug\classes-fba4d220812798cbf0cc83f33653604b58cdd907.jar
java_class_path (initial): D:\A_Develop\Android\android-sdk\build-tools\23.0.0\lib\dx.jar
Launcher Type: SUN_STANDARD

Environment Variables:
JAVA_HOME=C:\Program Files\Java\jdk1.8.0_74
CLASSPATH=.;C:\Program Files\Java\jdk1.8.0_74\jdk1.8.0_74\lib\dt.jar;C:\Program Files\Java\jdk1.8.0_74\jdk1.8.0_74\lib\tools.jar;
PATH=C:\ProgramData\Oracle\Java\javapath;C:\Windows\system32;C:\Windows;C:\Windows\System32\Wbem;C:\Windows\System32\WindowsPowerShell\v1.0\;C:\Program Files\MySQL\MySQL Server 5.5\bin;C:\Program Files\Java\jdk1.8.0_74\bin;C:\Program Files\Java\jre1.8.0_74\bin;C:\Users\vivi\AppData\Local\atom\bin
USERNAME=vivi
OS=Windows_NT
PROCESSOR_IDENTIFIER=Intel64 Family 6 Model 69 Stepping 1, GenuineIntel



---------------  S Y S T E M  ---------------

OS: Windows 10.0 , 64 bit Build 10240 (10.0.10240.16384)

CPU:total 4 (2 cores per cpu, 2 threads per core) family 6 model 69 stepping 1, cmov, cx8, fxsr, mmx, sse, sse2, sse3, ssse3, sse4.1, sse4.2, popcnt, avx, avx2, aes, clmul, erms, lzcnt, ht, tsc, tscinvbit, bmi1, bmi2

Memory: 4k page, physical 4088172k(170436k free), swap 8806760k(4464k free)

vm_info: Java HotSpot(TM) 64-Bit Server VM (25.74-b02) for windows-amd64 JRE (1.8.0_74-b02), built on Jan 29 2016 17:42:36 by "java_re" with MS VC++ 10.0 (VS2010)

time: Wed Apr 13 20:01:13 2016
elapsed time: 3 seconds (0d 0h 0m 3s)

