#
# There is insufficient memory for the Java Runtime Environment to continue.
# Native memory allocation (malloc) failed to allocate 1048576 bytes for AllocateHeap
# Possible reasons:
#   The system is out of physical RAM or swap space
#   In 32 bit mode, the process size limit was hit
# Possible solutions:
#   Reduce memory load on the system
#   Increase physical memory or swap space
#   Check if swap backing store is full
#   Use 64 bit Java on a 64 bit OS
#   Decrease Java heap size (-Xmx/-Xms)
#   Decrease number of Java threads
#   Decrease Java thread stack sizes (-Xss)
#   Set larger code cache with -XX:ReservedCodeCacheSize=
# This output file may be truncated or incomplete.
#
#  Out of Memory Error (memory/allocation.inline.hpp:61), pid=18140, tid=49040
#
# JRE version:  (8.0_74-b02) (build )
# Java VM: Java HotSpot(TM) 64-Bit Server VM (25.74-b02 mixed mode windows-amd64 compressed oops)
# Failed to write core dump. Minidumps are not enabled by default on client versions of Windows
#

---------------  T H R E A D  ---------------

Current thread (0x000000000263d800):  JavaThread "Unknown thread" [_thread_in_vm, id=49040, stack(0x00000000020c0000,0x00000000021c0000)]

Stack: [0x00000000020c0000,0x00000000021c0000]
[error occurred during error reporting (printing stack bounds), id 0xc0000005]

Native frames: (J=compiled Java code, j=interpreted, Vv=VM code, C=native code)


---------------  P R O C E S S  ---------------

Java Threads: ( => current thread )

Other Threads:

=>0x000000000263d800 (exited) JavaThread "Unknown thread" [_thread_in_vm, id=49040, stack(0x00000000020c0000,0x00000000021c0000)]

VM state:not at safepoint (normal execution)

VM Mutex/Monitor currently owned by a thread: None

Heap:
 PSYoungGen      total 18944K, used 327K [0x00000000eab00000, 0x00000000ec000000, 0x0000000100000000)
  eden space 16384K, 2% used [0x00000000eab00000,0x00000000eab51ec8,0x00000000ebb00000)
  from space 2560K, 0% used [0x00000000ebd80000,0x00000000ebd80000,0x00000000ec000000)
  to   space 2560K, 0% used [0x00000000ebb00000,0x00000000ebb00000,0x00000000ebd80000)
 ParOldGen       total 44032K, used 0K [0x00000000c0000000, 0x00000000c2b00000, 0x00000000eab00000)
  object space 44032K, 0% used [0x00000000c0000000,0x00000000c0000000,0x00000000c2b00000)
 Metaspace       used 769K, capacity 4480K, committed 4480K, reserved 1056768K
  class space    used 75K, capacity 384K, committed 384K, reserved 1048576K

Card table byte_map: [0x0000000011a10000,0x0000000011c20000] byte_map_base: 0x0000000011410000

Marking Bits: (ParMarkBitMap*) 0x000000006ee70600
 Begin Bits: [0x0000000012180000, 0x0000000013180000)
 End Bits:   [0x0000000013180000, 0x0000000014180000)

Polling page: 0x0000000002510000

CodeCache: size=245760Kb used=328Kb max_used=328Kb free=245431Kb
 bounds [0x0000000002650000, 0x00000000028c0000, 0x0000000011650000]
 total_blobs=58 nmethods=0 adapters=38
 compilation: enabled

Compilation events (0 events):
No events

GC Heap History (0 events):
No events

Deoptimization events (0 events):
No events

Internal exceptions (0 events):
No events

Events (10 events):
Event: 0.031 loading class java/lang/Short
Event: 0.031 loading class java/lang/Short done
Event: 0.031 loading class java/lang/Integer
Event: 0.031 loading class java/lang/Integer done
Event: 0.031 loading class java/lang/Long
Event: 0.032 loading class java/lang/Long done
Event: 0.032 loading class java/lang/NullPointerException
Event: 0.032 loading class java/lang/NullPointerException done
Event: 0.032 loading class java/lang/ArithmeticException
Event: 0.032 loading class java/lang/ArithmeticException done


Dynamic libraries:
0x00007ff7d61f0000 - 0x00007ff7d6227000 	C:\Program Files\Java\jdk1.8.0_74\bin\java.exe
0x00007ffadf840000 - 0x00007ffadfa02000 	C:\Windows\SYSTEM32\ntdll.dll
0x00007ffadd0e0000 - 0x00007ffadd18d000 	C:\Windows\system32\KERNEL32.DLL
0x00007ffadcc70000 - 0x00007ffadce4d000 	C:\Windows\system32\KERNELBASE.dll
0x00007ffadebf0000 - 0x00007ffadec96000 	C:\Windows\system32\ADVAPI32.dll
0x00007ffadf0c0000 - 0x00007ffadf15d000 	C:\Windows\system32\msvcrt.dll
0x00007ffade930000 - 0x00007ffade98b000 	C:\Windows\system32\sechost.dll
0x00007ffadeca0000 - 0x00007ffadedc6000 	C:\Windows\system32\RPCRT4.dll
0x00007ffadedd0000 - 0x00007ffadef1e000 	C:\Windows\system32\USER32.dll
0x00007ffadf160000 - 0x00007ffadf2e5000 	C:\Windows\system32\GDI32.dll
0x00007ffad54f0000 - 0x00007ffad5764000 	C:\Windows\WinSxS\amd64_microsoft.windows.common-controls_6595b64144ccf1df_6.0.10240.16384_none_f41f7b285750ef43\COMCTL32.dll
0x00007ffade720000 - 0x00007ffade756000 	C:\Windows\system32\IMM32.DLL
0x00007ffadea80000 - 0x00007ffadebdc000 	C:\Windows\system32\MSCTF.dll
0x000000006db10000 - 0x000000006dbe2000 	C:\Program Files\Java\jdk1.8.0_74\jre\bin\msvcr100.dll
0x000000006e660000 - 0x000000006eef0000 	C:\Program Files\Java\jdk1.8.0_74\jre\bin\server\jvm.dll
0x00007ffadebe0000 - 0x00007ffadebe8000 	C:\Windows\system32\PSAPI.DLL
0x00007ffad8a40000 - 0x00007ffad8a49000 	C:\Windows\SYSTEM32\WSOCK32.dll
0x00007ffad5860000 - 0x00007ffad5883000 	C:\Windows\SYSTEM32\WINMM.dll
0x00007ffad5850000 - 0x00007ffad585a000 	C:\Windows\SYSTEM32\VERSION.dll
0x00007ffadf050000 - 0x00007ffadf0b9000 	C:\Windows\system32\WS2_32.dll
0x00007ffad5810000 - 0x00007ffad583c000 	C:\Windows\SYSTEM32\WINMMBASE.dll
0x00007ffadea70000 - 0x00007ffadea78000 	C:\Windows\system32\NSI.dll
0x00007ffadc940000 - 0x00007ffadc984000 	C:\Windows\system32\cfgmgr32.dll
0x00007ffadab20000 - 0x00007ffadab47000 	C:\Windows\SYSTEM32\DEVOBJ.dll
0x000000006e570000 - 0x000000006e57f000 	C:\Program Files\Java\jdk1.8.0_74\jre\bin\verify.dll
0x000000006e540000 - 0x000000006e569000 	C:\Program Files\Java\jdk1.8.0_74\jre\bin\java.dll
0x000000006e520000 - 0x000000006e536000 	C:\Program Files\Java\jdk1.8.0_74\jre\bin\zip.dll

VM Arguments:
jvm_args: -Xmx1024M -Dfile.encoding=GBK -Duser.country=CN -Duser.language=zh -Duser.variant 
java_command: com.android.dx.command.Main --dex --num-threads=4 --output E:\A_Technology\A_AndroidWork\B_Project\2016_3_18_LetsGo\LetsGo\app\build\intermediates\dex\debug E:\A_Technology\A_AndroidWork\B_Project\2016_3_18_LetsGo\LetsGo\app\build\intermediates\classes\debug E:\A_Technology\A_AndroidWork\B_Project\2016_3_18_LetsGo\LetsGo\app\build\intermediates\pre-dexed\debug\support-annotations-23.0.0-31a3d6974e5b6e9d06d4b775c196c0894543bf51.jar E:\A_Technology\A_AndroidWork\B_Project\2016_3_18_LetsGo\LetsGo\app\build\intermediates\pre-dexed\debug\classes-91c6730976d73f51ed8307d743b9081cffa71326.jar E:\A_Technology\A_AndroidWork\B_Project\2016_3_18_LetsGo\LetsGo\app\build\intermediates\pre-dexed\debug\gson-2.2.4-89426946db8cc6c5ede29ebe2b994ccbf97e9fe7.jar E:\A_Technology\A_AndroidWork\B_Project\2016_3_18_LetsGo\LetsGo\app\build\intermediates\pre-dexed\debug\classes-2ba8d5ff7c1588d921442d1b5f56c18bfc8912f1.jar E:\A_Technology\A_AndroidWork\B_Project\2016_3_18_LetsGo\LetsGo\app\build\intermediates\pre-dexed\debug\internal_impl-23.0.0-3a36c736ea639479e7010868535e4ea2cbd71d74.jar E:\A_Technology\A_AndroidWork\B_Project\2016_3_18_LetsGo\LetsGo\app\build\intermediates\pre-dexed\debug\org.json-1e3be68b177bbe62099ad0f50d608933b273e0a0.jar E:\A_Technology\A_AndroidWork\B_Project\2016_3_18_LetsGo\LetsGo\app\build\intermediates\pre-dexed\debug\volley-50538d365cc9565949a8ba481effae25cbf36afb.jar E:\A_Technology\A_AndroidWork\B_Project\2016_3_18_LetsGo\LetsGo\app\build\intermediates\pre-dexed\debug\classes-bee169f9f80f346b8d998656f46fbd41c79f583e.jar E:\A_Technology\A_AndroidWork\B_Project\2016_3_18_LetsGo\LetsGo\app\build\intermediates\pre-dexed\debug\classes-7c8ea9a05db98ccd2896a77c3de5a37bab19dcc9.jar E:\A_Technology\A_AndroidWork\B_Project\2016_3_18_LetsGo\LetsGo\app\build\intermediates\pre-dexed\debug\classes-fba4d220812798cbf0cc83f33653604b58cdd907.jar
java_class_path (initial): D:\A_Develop\Android\android-sdk\build-tools\23.0.0\lib\dx.jar
Launcher Type: SUN_STANDARD

Environment Variables:
JAVA_HOME=C:\Program Files\Java\jdk1.8.0_74
CLASSPATH=.;C:\Program Files\Java\jdk1.8.0_74\jdk1.8.0_74\lib\dt.jar;C:\Program Files\Java\jdk1.8.0_74\jdk1.8.0_74\lib\tools.jar;
PATH=C:\ProgramData\Oracle\Java\javapath;C:\Windows\system32;C:\Windows;C:\Windows\System32\Wbem;C:\Windows\System32\WindowsPowerShell\v1.0\;C:\Program Files\MySQL\MySQL Server 5.5\bin;C:\Program Files\Java\jdk1.8.0_74\bin;C:\Program Files\Java\jre1.8.0_74\bin;C:\Users\vivi\AppData\Local\atom\bin
USERNAME=vivi
OS=Windows_NT
PROCESSOR_IDENTIFIER=Intel64 Family 6 Model 69 Stepping 1, GenuineIntel



---------------  S Y S T E M  ---------------

OS: Windows 10.0 , 64 bit Build 10240 (10.0.10240.16384)

CPU:total 4 (2 cores per cpu, 2 threads per core) family 6 model 69 stepping 1, cmov, cx8, fxsr, mmx, sse, sse2, sse3, ssse3, sse4.1, sse4.2, popcnt, avx, avx2, aes, clmul, erms, lzcnt, ht, tsc, tscinvbit, bmi1, bmi2

Memory: 4k page, physical 4088172k(199524k free), swap 8806760k(5884k free)

vm_info: Java HotSpot(TM) 64-Bit Server VM (25.74-b02) for windows-amd64 JRE (1.8.0_74-b02), built on Jan 29 2016 17:42:36 by "java_re" with MS VC++ 10.0 (VS2010)

time: Wed Apr 13 20:00:50 2016
elapsed time: 0 seconds (0d 0h 0m 0s)

